<?xml version="1.0" encoding="UTF-8"?>
<testng-results ignored="0" total="1" passed="1" failed="0" skipped="0">
  <reporter-output>
  </reporter-output>
  <suite started-at="2024-07-20T17:15:58Z" name="Default suite" finished-at="2024-07-20T17:16:00Z" duration-ms="1714">
    <groups>
    </groups>
    <test started-at="2024-07-20T17:15:58Z" name="Default test" finished-at="2024-07-20T17:16:00Z" duration-ms="1714">
      <class name="testing.Test_Selenium_TestNG">
        <test-method signature="f()[pri:0, instance:testing.Test_Selenium_TestNG@1fb669c3]" started-at="2024-07-20T11:15:58Z" name="f" finished-at="2024-07-20T11:16:00Z" duration-ms="1697" status="PASS">
          <reporter-output>
          </reporter-output>
        </test-method> <!-- f -->
      </class> <!-- testing.Test_Selenium_TestNG -->
    </test> <!-- Default test -->
  </suite> <!-- Default suite -->
</testng-results>
